<?xml version="1.0" encoding="UTF-8"?>
<!-- Generated by org.testng.reporters.JUnitXMLReporter -->
<testsuite ignored="0" hostname="LAPTOP-0JB6122F" failures="0" tests="1" name="ChromeTest" time="0.077" errors="0" timestamp="2023-03-21T01:41:47 IST">
  <testcase classname="Baseclass.CrossBrowserTestingScript" name="@BeforeTest setup" time="0.038">
    <failure type="java.lang.IllegalStateException" message="The driver executable must exist: C:\Users\patha\git\regressiontestcases\path">
      <![CDATA[java.lang.IllegalStateException: The driver executable must exist: C:\Users\patha\git\regressiontestcases\path
at org.openqa.selenium.internal.Require$FileStateChecker.isFile(Require.java:282)
at org.openqa.selenium.remote.service.DriverService.checkExecutable(DriverService.java:154)
at org.openqa.selenium.remote.service.DriverService.findExecutable(DriverService.java:149)
at org.openqa.selenium.chrome.ChromeDriverService.access$000(ChromeDriverService.java:37)
at org.openqa.selenium.chrome.ChromeDriverService$Builder.findDefaultExecutable(ChromeDriverService.java:222)
at org.openqa.selenium.remote.service.DriverService$Builder.build(DriverService.java:405)
at org.openqa.selenium.chrome.ChromeDriverService.createDefaultService(ChromeDriverService.java:119)
at org.openqa.selenium.chrome.ChromeDriver.<init>(ChromeDriver.java:105)
at Baseclass.CrossBrowserTestingScript.setup(CrossBrowserTestingScript.java:28)
... Removed 24 stack frames]]>
    </failure>
  </testcase> <!-- @BeforeTest setup -->
  <testcase classname="testscripts.Testcreatethirdparty" name="User1_CreateNewThirdParty" time="0.0">
    <skipped/>
  </testcase> <!-- User1_CreateNewThirdParty -->
</testsuite> <!-- ChromeTest -->
